2025-02-01 08:41:01,175 [.NET Long Running Task] INFO UIAutomationTests.Utils.Util - uid and pwd keys values has been set
2025-02-01 08:41:01,182 [.NET Long Running Task] INFO UIAutomationTests.Utils.Util - Before TestRun--TestData has intialized
2025-02-01 08:41:03,789 [.NET Long Running Task] INFO UIAutomationTests.Utils.Util - AfterScenario- chekcing error for screenshot process
2025-02-01 08:41:03,792 [.NET Long Running Task] ERROR UIAutomationTests.Utils.Util -    at BoDi.ObjectContainer.TypeRegistration.<>c__DisplayClass3_0.<ResolvePerContext>b__1()
   at BoDi.ObjectContainer.RegistrationWithStrategy.ExecuteWithLock(Object lockObject, Func`1 getter, Func`1 factory, ResolutionList resolutionPath)
   at BoDi.ObjectContainer.ResolveObject(RegistrationKey keyToResolve, ResolutionList resolutionPath)
   at BoDi.ObjectContainer.Resolve(Type typeToResolve, ResolutionList resolutionPath, String name)
   at BoDi.ObjectContainer.Resolve(Type typeToResolve, String name)
   at BoDi.ObjectContainer.Resolve[T](String name)
   at BoDi.ObjectContainer.Resolve[T]()
   at UIAutomationTests.Hooks.ScreenshotHooks.ScreenshotWebDriver() in C:\Users\vinod\Downloads\Projects\UIAutomationTests-main\UIAutomationTests-main\UIAutomationTests\Hooks\ScreenshotHooks.cs:line 32
2025-02-01 08:41:03,810 [.NET Long Running Task] INFO UIAutomationTests.Utils.Util - AfterTestRun-Living Doc report genration process has started
2025-02-01 08:41:03,821 [.NET Long Running Task] INFO UIAutomationTests.Utils.Util - AfterTestRun-Living Doc report genration process has been completed
2025-02-01 08:46:24,983 [4] INFO UIAutomationTests.Utils.Util - uid and pwd keys values has been set
2025-02-01 08:46:24,989 [4] INFO UIAutomationTests.Utils.Util - Before TestRun--TestData has intialized
2025-02-01 08:46:33,306 [4] INFO UIAutomationTests.Utils.Util - Before Scenario--Driver has registered
2025-02-01 08:46:33,317 [4] INFO UIAutomationTests.Utils.Util - uid and pwd keys values has been set
2025-02-01 08:46:58,533 [4] INFO UIAutomationTests.Utils.Util - login page has opened
2025-02-01 08:46:58,681 [4] INFO UIAutomationTests.Utils.Util - AfterScenario- chekcing error for screenshot process
2025-02-01 08:46:58,681 [4] INFO UIAutomationTests.Utils.Util - AfterScenario- Screenshot capture process has started
2025-02-01 08:46:58,847 [4] INFO UIAutomationTests.Utils.Util - AfterScenario- Screenshot capture process has been completed
2025-02-01 08:46:59,182 [4] INFO UIAutomationTests.Utils.Util - AfterScenario--driver has been closed/quited
2025-02-01 08:46:59,244 [4] INFO UIAutomationTests.Utils.Util - AfterTestRun-Living Doc report genration process has started
2025-02-01 08:46:59,261 [4] INFO UIAutomationTests.Utils.Util - AfterTestRun-Living Doc report genration process has been completed
2025-02-01 08:51:26,183 [4] INFO UIAutomationTests.Utils.Util - uid and pwd keys values has been set
2025-02-01 08:51:26,190 [4] INFO UIAutomationTests.Utils.Util - Before TestRun--TestData has intialized
2025-02-01 08:51:28,328 [4] INFO UIAutomationTests.Utils.Util - Before Scenario--Driver has registered
2025-02-01 08:51:28,344 [4] INFO UIAutomationTests.Utils.Util - uid and pwd keys values has been set
2025-02-01 08:58:25,798 [4] INFO UIAutomationTests.Utils.Util - uid and pwd keys values has been set
2025-02-01 08:58:25,803 [4] INFO UIAutomationTests.Utils.Util - Before TestRun--TestData has intialized
2025-02-01 08:58:27,697 [4] INFO UIAutomationTests.Utils.Util - Before Scenario--Driver has registered
2025-02-01 08:58:27,707 [4] INFO UIAutomationTests.Utils.Util - uid and pwd keys values has been set
2025-02-01 08:58:47,871 [4] INFO UIAutomationTests.Utils.Util - login page has opened
2025-02-01 08:58:47,976 [4] INFO UIAutomationTests.Utils.Util - AfterScenario- chekcing error for screenshot process
2025-02-01 08:58:47,976 [4] INFO UIAutomationTests.Utils.Util - AfterScenario- Screenshot capture process has started
2025-02-01 08:58:48,151 [4] INFO UIAutomationTests.Utils.Util - AfterScenario- Screenshot capture process has been completed
2025-02-01 08:58:48,486 [4] INFO UIAutomationTests.Utils.Util - AfterScenario--driver has been closed/quited
2025-02-01 08:58:48,527 [4] INFO UIAutomationTests.Utils.Util - AfterTestRun-Living Doc report genration process has started
2025-02-01 08:58:48,549 [4] INFO UIAutomationTests.Utils.Util - AfterTestRun-Living Doc report genration process has been completed
2025-02-01 08:59:42,759 [4] INFO UIAutomationTests.Utils.Util - uid and pwd keys values has been set
2025-02-01 08:59:42,771 [4] INFO UIAutomationTests.Utils.Util - Before TestRun--TestData has intialized
2025-02-01 08:59:44,720 [4] INFO UIAutomationTests.Utils.Util - Before Scenario--Driver has registered
2025-02-01 08:59:44,735 [4] INFO UIAutomationTests.Utils.Util - uid and pwd keys values has been set
2025-02-01 09:00:30,723 [4] INFO UIAutomationTests.Utils.Util - uid and pwd keys values has been set
2025-02-01 09:00:30,729 [4] INFO UIAutomationTests.Utils.Util - Before TestRun--TestData has intialized
2025-02-01 09:00:32,420 [4] INFO UIAutomationTests.Utils.Util - Before Scenario--Driver has registered
2025-02-01 09:00:32,429 [4] INFO UIAutomationTests.Utils.Util - uid and pwd keys values has been set
2025-02-01 09:00:54,907 [4] INFO UIAutomationTests.Utils.Util - login page has opened
2025-02-01 09:00:55,021 [4] INFO UIAutomationTests.Utils.Util - AfterScenario- chekcing error for screenshot process
2025-02-01 09:00:55,022 [4] INFO UIAutomationTests.Utils.Util - AfterScenario- Screenshot capture process has started
2025-02-01 09:00:55,180 [4] INFO UIAutomationTests.Utils.Util - AfterScenario- Screenshot capture process has been completed
2025-02-01 09:00:55,533 [4] INFO UIAutomationTests.Utils.Util - AfterScenario--driver has been closed/quited
2025-02-01 09:00:55,573 [4] INFO UIAutomationTests.Utils.Util - AfterTestRun-Living Doc report genration process has started
2025-02-01 09:00:55,591 [4] INFO UIAutomationTests.Utils.Util - AfterTestRun-Living Doc report genration process has been completed
2025-02-01 09:01:58,542 [4] INFO UIAutomationTests.Utils.Util - uid and pwd keys values has been set
2025-02-01 09:01:58,549 [4] INFO UIAutomationTests.Utils.Util - Before TestRun--TestData has intialized
2025-02-01 09:02:00,226 [4] INFO UIAutomationTests.Utils.Util - Before Scenario--Driver has registered
2025-02-01 09:02:00,236 [4] INFO UIAutomationTests.Utils.Util - uid and pwd keys values has been set
2025-02-01 09:02:19,371 [4] INFO UIAutomationTests.Utils.Util - login page has opened
2025-02-01 09:02:19,703 [4] INFO UIAutomationTests.Utils.Util - User has entered the username
2025-02-01 09:02:20,036 [4] INFO UIAutomationTests.Utils.Util - User has entered the password
2025-02-01 09:02:20,988 [4] INFO UIAutomationTests.Utils.Util - User clicked on the login button
2025-02-01 09:02:20,990 [4] INFO UIAutomationTests.Utils.Util - User has successfully logged-In
2025-02-01 09:02:21,003 [4] INFO UIAutomationTests.Utils.Util - AfterScenario- chekcing error for screenshot process
2025-02-01 09:02:21,311 [4] INFO UIAutomationTests.Utils.Util - AfterScenario--driver has been closed/quited
2025-02-01 09:02:21,349 [4] INFO UIAutomationTests.Utils.Util - AfterTestRun-Living Doc report genration process has started
2025-02-01 09:02:21,367 [4] INFO UIAutomationTests.Utils.Util - AfterTestRun-Living Doc report genration process has been completed
2025-02-01 09:25:23,418 [4] INFO UIAutomationTests.Utils.Util - uid and pwd keys values has been set
2025-02-01 09:25:23,423 [4] INFO UIAutomationTests.Utils.Util - Before TestRun--TestData has intialized
2025-02-01 09:25:27,237 [4] INFO UIAutomationTests.Utils.Util - Before Scenario--Driver has registered
2025-02-01 09:25:27,254 [4] INFO UIAutomationTests.Utils.Util - uid and pwd keys values has been set
2025-02-01 09:25:48,938 [4] INFO UIAutomationTests.Utils.Util - login page has opened
2025-02-01 09:25:49,318 [4] INFO UIAutomationTests.Utils.Util - User has entered the username
2025-02-01 09:25:49,907 [4] INFO UIAutomationTests.Utils.Util - User has entered the password
2025-02-01 09:25:50,830 [4] INFO UIAutomationTests.Utils.Util - User clicked on the login button
2025-02-01 09:25:50,833 [4] INFO UIAutomationTests.Utils.Util - User has successfully logged-In
2025-02-01 09:25:50,846 [4] INFO UIAutomationTests.Utils.Util - AfterScenario- chekcing error for screenshot process
2025-02-01 09:25:51,193 [4] INFO UIAutomationTests.Utils.Util - AfterScenario--driver has been closed/quited
2025-02-01 09:25:51,244 [4] INFO UIAutomationTests.Utils.Util - AfterTestRun-Living Doc report genration process has started
2025-02-01 09:25:51,260 [4] INFO UIAutomationTests.Utils.Util - AfterTestRun-Living Doc report genration process has been completed
2025-02-01 09:29:01,340 [4] INFO UIAutomationTests.Utils.Util - uid and pwd keys values has been set
2025-02-01 09:29:01,345 [4] INFO UIAutomationTests.Utils.Util - Before TestRun--TestData has intialized
2025-02-01 09:29:03,377 [4] INFO UIAutomationTests.Utils.Util - Before Scenario--Driver has registered
2025-02-01 09:29:03,387 [4] INFO UIAutomationTests.Utils.Util - uid and pwd keys values has been set
2025-02-01 09:29:29,180 [4] INFO UIAutomationTests.Utils.Util - login page has opened
2025-02-01 09:29:29,358 [4] INFO UIAutomationTests.Utils.Util - User has entered the username
2025-02-01 09:29:29,526 [4] INFO UIAutomationTests.Utils.Util - User has entered the password
2025-02-01 09:29:30,486 [4] INFO UIAutomationTests.Utils.Util - User clicked on the login button
2025-02-01 09:29:30,487 [4] INFO UIAutomationTests.Utils.Util - User has successfully logged-In
2025-02-01 09:29:30,492 [4] INFO UIAutomationTests.Utils.Util - AfterScenario- chekcing error for screenshot process
2025-02-01 09:29:30,675 [4] INFO UIAutomationTests.Utils.Util - AfterScenario--driver has been closed/quited
2025-02-01 09:29:30,703 [4] INFO UIAutomationTests.Utils.Util - AfterTestRun-Living Doc report genration process has started
2025-02-01 09:29:30,716 [4] INFO UIAutomationTests.Utils.Util - AfterTestRun-Living Doc report genration process has been completed
2025-02-01 13:15:02,702 [4] INFO UIAutomationTests.Utils.Util - Before TestRun--TestData has intialized
2025-02-01 13:15:05,849 [4] INFO UIAutomationTests.Utils.Util - Before Scenario--Driver has registered
2025-02-01 13:16:46,512 [4] INFO UIAutomationTests.Utils.Util - Before TestRun--TestData has intialized
2025-02-01 13:16:48,223 [4] INFO UIAutomationTests.Utils.Util - Before Scenario--Driver has registered
2025-02-01 13:19:20,362 [4] INFO UIAutomationTests.Utils.Util - Before TestRun--TestData has intialized
2025-02-01 13:19:22,036 [4] INFO UIAutomationTests.Utils.Util - Before Scenario--Driver has registered
2025-02-01 13:20:17,773 [4] INFO UIAutomationTests.Utils.Util - sample page test page has opened
2025-02-01 13:22:06,733 [4] INFO UIAutomationTests.Utils.Util - Before TestRun--TestData has intialized
2025-02-01 13:22:09,666 [4] INFO UIAutomationTests.Utils.Util - Before Scenario--Driver has registered
2025-02-01 13:22:54,836 [4] INFO UIAutomationTests.Utils.Util - sample page test page has opened
2025-02-01 13:24:50,342 [4] INFO UIAutomationTests.Utils.Util - Before TestRun--TestData has intialized
2025-02-01 13:24:53,587 [4] INFO UIAutomationTests.Utils.Util - Before Scenario--Driver has registered
2025-02-01 13:25:38,245 [4] INFO UIAutomationTests.Utils.Util - sample page test page has opened
2025-02-01 13:29:30,215 [4] INFO UIAutomationTests.Utils.Util - Before TestRun--TestData has intialized
2025-02-01 13:31:41,959 [4] INFO UIAutomationTests.Utils.Util - Before TestRun--TestData has intialized
2025-02-01 13:31:47,351 [4] INFO UIAutomationTests.Utils.Util - Before Scenario--Driver has registered
2025-02-01 13:31:47,473 [4] INFO UIAutomationTests.Utils.Util - AfterScenario- chekcing error for screenshot process
2025-02-01 13:31:47,473 [4] INFO UIAutomationTests.Utils.Util - AfterScenario- Screenshot capture process has started
2025-02-01 13:31:47,568 [4] INFO UIAutomationTests.Utils.Util - AfterScenario- Screenshot capture process has been completed
2025-02-01 13:31:47,668 [4] INFO UIAutomationTests.Utils.Util - AfterScenario--driver has been closed/quited
2025-02-01 13:31:47,677 [4] INFO UIAutomationTests.Utils.Util - AfterTestRun-Living Doc report genration process has started
2025-02-01 13:31:47,689 [4] INFO UIAutomationTests.Utils.Util - AfterTestRun-Living Doc report genration process has been completed
2025-02-01 13:32:24,414 [4] INFO UIAutomationTests.Utils.Util - Before TestRun--TestData has intialized
2025-02-01 13:32:26,404 [4] INFO UIAutomationTests.Utils.Util - Before Scenario--Driver has registered
2025-02-01 13:34:19,832 [4] INFO UIAutomationTests.Utils.Util - Before TestRun--TestData has intialized
2025-02-01 13:34:22,600 [4] INFO UIAutomationTests.Utils.Util - Before Scenario--Driver has registered
2025-02-01 13:35:07,370 [4] INFO UIAutomationTests.Utils.Util - sample page test page has opened
2025-02-01 13:36:42,531 [4] INFO UIAutomationTests.Utils.Util - Before TestRun--TestData has intialized
2025-02-01 13:36:44,137 [4] INFO UIAutomationTests.Utils.Util - Before Scenario--Driver has registered
2025-02-01 13:37:28,978 [4] INFO UIAutomationTests.Utils.Util - sample page test page has opened
2025-02-01 13:38:45,202 [4] INFO UIAutomationTests.Utils.Util - Before TestRun--TestData has intialized
2025-02-01 13:38:46,819 [4] INFO UIAutomationTests.Utils.Util - Before Scenario--Driver has registered
2025-02-01 13:39:31,846 [4] INFO UIAutomationTests.Utils.Util - sample page test page has opened
2025-02-01 13:41:38,401 [4] INFO UIAutomationTests.Utils.Util - Before TestRun--TestData has intialized
2025-02-01 13:41:40,004 [4] INFO UIAutomationTests.Utils.Util - Before Scenario--Driver has registered
2025-02-01 13:42:41,919 [4] INFO UIAutomationTests.Utils.Util - Before TestRun--TestData has intialized
2025-02-01 13:42:42,918 [4] INFO UIAutomationTests.Utils.Util - Before Scenario--Driver has registered
2025-02-01 13:43:27,621 [4] INFO UIAutomationTests.Utils.Util - sample page test page has opened
2025-02-01 13:44:20,550 [4] INFO UIAutomationTests.Utils.Util - Before TestRun--TestData has intialized
2025-02-01 13:44:22,169 [4] INFO UIAutomationTests.Utils.Util - Before Scenario--Driver has registered
2025-02-01 13:45:08,432 [4] INFO UIAutomationTests.Utils.Util - Before TestRun--TestData has intialized
2025-02-01 13:45:09,536 [4] INFO UIAutomationTests.Utils.Util - Before Scenario--Driver has registered
2025-02-01 13:45:54,054 [4] INFO UIAutomationTests.Utils.Util - sample page test page has opened
2025-02-01 13:46:18,962 [4] INFO UIAutomationTests.Utils.Util - User has entered the name
2025-02-01 13:52:33,524 [4] INFO UIAutomationTests.Utils.Util - Before TestRun--TestData has intialized
2025-02-01 13:52:36,355 [4] INFO UIAutomationTests.Utils.Util - Before Scenario--Driver has registered
2025-02-01 13:53:21,383 [4] INFO UIAutomationTests.Utils.Util - sample page test page has opened
2025-02-01 13:53:21,757 [4] INFO UIAutomationTests.Utils.Util - User has entered the name
2025-02-01 13:53:21,879 [4] INFO UIAutomationTests.Utils.Util - User has pressed the TAB key on Name field
2025-02-01 13:53:22,064 [4] INFO UIAutomationTests.Utils.Util - User has entered the email
2025-02-01 13:53:22,341 [4] INFO UIAutomationTests.Utils.Util - User has entered the website
2025-02-01 13:59:05,979 [4] INFO UIAutomationTests.Utils.Util - Before TestRun--TestData has intialized
2025-02-01 13:59:07,632 [4] INFO UIAutomationTests.Utils.Util - Before Scenario--Driver has registered
2025-02-01 13:59:52,331 [4] INFO UIAutomationTests.Utils.Util - sample page test page has opened
2025-02-01 13:59:52,747 [4] INFO UIAutomationTests.Utils.Util - User has entered the name
2025-02-01 13:59:52,923 [4] INFO UIAutomationTests.Utils.Util - User has pressed the TAB key on Name field
2025-02-01 13:59:53,863 [4] INFO UIAutomationTests.Utils.Util - User has entered the email
2025-02-01 13:59:54,124 [4] INFO UIAutomationTests.Utils.Util - User has entered the website
2025-02-01 14:01:19,965 [4] INFO UIAutomationTests.Utils.Util - Before TestRun--TestData has intialized
2025-02-01 14:01:21,617 [4] INFO UIAutomationTests.Utils.Util - Before Scenario--Driver has registered
2025-02-01 14:01:53,775 [4] INFO UIAutomationTests.Utils.Util - sample page test page has opened
2025-02-01 14:01:53,970 [4] INFO UIAutomationTests.Utils.Util - User has entered the name
2025-02-01 14:01:54,054 [4] INFO UIAutomationTests.Utils.Util - User has pressed the TAB key on Name field
2025-02-01 14:01:54,182 [4] INFO UIAutomationTests.Utils.Util - User has entered the email
2025-02-01 14:01:54,428 [4] INFO UIAutomationTests.Utils.Util - User has entered the website
2025-02-01 14:02:00,970 [4] INFO UIAutomationTests.Utils.Util - User has selected the experience
2025-02-01 14:02:09,178 [4] INFO UIAutomationTests.Utils.Util - User has selected the expertise
2025-02-01 14:05:06,796 [4] INFO UIAutomationTests.Utils.Util - Before TestRun--TestData has intialized
2025-02-01 14:05:08,350 [4] INFO UIAutomationTests.Utils.Util - Before Scenario--Driver has registered
2025-02-01 14:05:53,190 [4] INFO UIAutomationTests.Utils.Util - sample page test page has opened
2025-02-01 14:06:17,778 [4] INFO UIAutomationTests.Utils.Util - Before TestRun--TestData has intialized
2025-02-01 14:06:19,343 [4] INFO UIAutomationTests.Utils.Util - Before Scenario--Driver has registered
2025-02-01 14:06:51,717 [4] INFO UIAutomationTests.Utils.Util - sample page test page has opened
2025-02-01 14:06:51,975 [4] INFO UIAutomationTests.Utils.Util - User has entered the name
2025-02-01 14:06:52,082 [4] INFO UIAutomationTests.Utils.Util - User has pressed the TAB key on Name field
2025-02-01 14:06:52,303 [4] INFO UIAutomationTests.Utils.Util - User has entered the email
2025-02-01 14:06:52,620 [4] INFO UIAutomationTests.Utils.Util - User has entered the website
2025-02-01 14:06:52,754 [4] INFO UIAutomationTests.Utils.Util - User has selected the experience
2025-02-01 14:09:17,050 [4] INFO UIAutomationTests.Utils.Util - Before TestRun--TestData has intialized
2025-02-01 14:09:18,714 [4] INFO UIAutomationTests.Utils.Util - Before Scenario--Driver has registered
2025-02-01 14:10:03,522 [4] INFO UIAutomationTests.Utils.Util - sample page test page has opened
2025-02-01 14:10:03,758 [4] INFO UIAutomationTests.Utils.Util - User has entered the name
2025-02-01 14:10:03,845 [4] INFO UIAutomationTests.Utils.Util - User has pressed the TAB key on Name field
2025-02-01 14:10:04,082 [4] INFO UIAutomationTests.Utils.Util - User has entered the email
2025-02-01 14:10:04,353 [4] INFO UIAutomationTests.Utils.Util - User has entered the website
2025-02-01 14:10:04,525 [4] INFO UIAutomationTests.Utils.Util - User has selected the experience
2025-02-01 14:11:02,469 [4] INFO UIAutomationTests.Utils.Util - Before TestRun--TestData has intialized
2025-02-01 14:11:04,051 [4] INFO UIAutomationTests.Utils.Util - Before Scenario--Driver has registered
2025-02-01 14:11:48,581 [4] INFO UIAutomationTests.Utils.Util - sample page test page has opened
2025-02-01 14:11:49,394 [4] INFO UIAutomationTests.Utils.Util - User has entered the name
2025-02-01 14:11:49,496 [4] INFO UIAutomationTests.Utils.Util - User has pressed the TAB key on Name field
2025-02-01 14:11:49,711 [4] INFO UIAutomationTests.Utils.Util - User has entered the email
2025-02-01 14:11:49,967 [4] INFO UIAutomationTests.Utils.Util - User has entered the website
2025-02-01 14:11:50,118 [4] INFO UIAutomationTests.Utils.Util - User has selected the experience
2025-02-01 14:14:43,205 [4] INFO UIAutomationTests.Utils.Util - Before TestRun--TestData has intialized
2025-02-01 14:14:44,889 [4] INFO UIAutomationTests.Utils.Util - Before Scenario--Driver has registered
2025-02-01 14:15:29,810 [4] INFO UIAutomationTests.Utils.Util - sample page test page has opened
2025-02-01 14:15:32,517 [4] INFO UIAutomationTests.Utils.Util - User has entered the name
2025-02-01 14:15:32,665 [4] INFO UIAutomationTests.Utils.Util - User has pressed the TAB key on Name field
2025-02-01 14:15:32,862 [4] INFO UIAutomationTests.Utils.Util - User has entered the email
2025-02-01 14:15:33,256 [4] INFO UIAutomationTests.Utils.Util - User has entered the website
2025-02-01 14:15:33,717 [4] INFO UIAutomationTests.Utils.Util - User has selected the experience
2025-02-01 14:15:33,839 [4] INFO UIAutomationTests.Utils.Util - User has selected the expertise
2025-02-01 14:15:33,875 [4] INFO UIAutomationTests.Utils.Util - User has selected the education
2025-02-01 14:15:34,102 [4] INFO UIAutomationTests.Utils.Util - User has entered the comment
2025-02-01 14:16:00,042 [4] INFO UIAutomationTests.Utils.Util - User has saved the form
2025-02-01 14:16:00,102 [4] INFO UIAutomationTests.Utils.Util - AfterScenario- chekcing error for screenshot process
2025-02-01 14:16:00,330 [4] INFO UIAutomationTests.Utils.Util - AfterScenario--driver has been closed/quited
2025-02-01 14:17:37,186 [4] INFO UIAutomationTests.Utils.Util - Before TestRun--TestData has intialized
2025-02-01 14:17:38,913 [4] INFO UIAutomationTests.Utils.Util - Before Scenario--Driver has registered
2025-02-01 14:19:25,804 [4] INFO UIAutomationTests.Utils.Util - Before TestRun--TestData has intialized
2025-02-01 14:19:28,705 [4] INFO UIAutomationTests.Utils.Util - Before Scenario--Driver has registered
2025-02-01 14:20:13,612 [4] INFO UIAutomationTests.Utils.Util - sample page test page has opened
2025-02-01 14:20:14,005 [4] INFO UIAutomationTests.Utils.Util - User has entered the name
2025-02-01 14:20:14,118 [4] INFO UIAutomationTests.Utils.Util - User has pressed the TAB key on Name field
2025-02-01 14:20:14,273 [4] INFO UIAutomationTests.Utils.Util - User has entered the email
2025-02-01 14:20:14,575 [4] INFO UIAutomationTests.Utils.Util - User has entered the website
2025-02-01 14:20:14,972 [4] INFO UIAutomationTests.Utils.Util - User has selected the experience
2025-02-01 14:20:15,119 [4] INFO UIAutomationTests.Utils.Util - User has selected the expertise
2025-02-01 14:20:15,157 [4] INFO UIAutomationTests.Utils.Util - User has selected the education
2025-02-01 14:20:15,401 [4] INFO UIAutomationTests.Utils.Util - User has entered the comment
2025-02-01 14:43:10,621 [4] INFO UIAutomationTests.Utils.Util - Before TestRun--TestData has intialized
2025-02-01 14:43:12,604 [4] INFO UIAutomationTests.Utils.Util - Before Scenario--Driver has registered
2025-02-01 14:44:02,501 [4] INFO UIAutomationTests.Utils.Util - sample page test page has opened
2025-02-01 14:44:02,822 [4] INFO UIAutomationTests.Utils.Util - User has entered the name
2025-02-01 14:44:03,174 [4] INFO UIAutomationTests.Utils.Util - User has pressed the TAB key on Name field
2025-02-01 14:44:03,346 [4] INFO UIAutomationTests.Utils.Util - User has entered the email
2025-02-01 14:44:03,593 [4] INFO UIAutomationTests.Utils.Util - User has entered the website
2025-02-01 14:44:03,696 [4] INFO UIAutomationTests.Utils.Util - User has selected the experience
2025-02-01 14:44:04,896 [4] INFO UIAutomationTests.Utils.Util - AfterScenario- chekcing error for screenshot process
2025-02-01 14:44:04,896 [4] INFO UIAutomationTests.Utils.Util - AfterScenario- Screenshot capture process has started
2025-02-01 14:44:05,008 [4] INFO UIAutomationTests.Utils.Util - AfterScenario- Screenshot capture process has been completed
2025-02-01 14:44:05,209 [4] INFO UIAutomationTests.Utils.Util - AfterScenario--driver has been closed/quited
2025-02-01 14:44:05,241 [4] INFO UIAutomationTests.Utils.Util - AfterTestRun-Living Doc report genration process has started
2025-02-01 14:44:05,255 [4] INFO UIAutomationTests.Utils.Util - AfterTestRun-Living Doc report genration process has been completed
2025-02-01 14:47:32,914 [4] INFO UIAutomationTests.Utils.Util - Before TestRun--TestData has intialized
2025-02-01 14:47:34,616 [4] INFO UIAutomationTests.Utils.Util - Before Scenario--Driver has registered
2025-02-01 14:48:19,212 [4] INFO UIAutomationTests.Utils.Util - sample page test page has opened
2025-02-01 14:48:19,748 [4] INFO UIAutomationTests.Utils.Util - User has entered the name
2025-02-01 14:48:19,893 [4] INFO UIAutomationTests.Utils.Util - User has pressed the TAB key on Name field
2025-02-01 14:48:20,086 [4] INFO UIAutomationTests.Utils.Util - User has entered the email
2025-02-01 14:48:20,466 [4] INFO UIAutomationTests.Utils.Util - User has entered the website
2025-02-01 14:48:20,599 [4] INFO UIAutomationTests.Utils.Util - User has selected the experience
2025-02-01 14:48:20,694 [4] INFO UIAutomationTests.Utils.Util - User has selected the expertise
2025-02-01 14:48:20,724 [4] INFO UIAutomationTests.Utils.Util - User has selected the education
2025-02-01 14:48:20,963 [4] INFO UIAutomationTests.Utils.Util - User has entered the comment
2025-02-01 15:24:35,306 [4] INFO UIAutomationTests.Utils.Util - Before TestRun--TestData has intialized
2025-02-01 15:24:38,051 [4] INFO UIAutomationTests.Utils.Util - Before Scenario--Driver has registered
2025-02-01 15:24:41,961 [4] INFO UIAutomationTests.Utils.Util - sample page test page has opened
2025-02-01 15:24:42,078 [4] INFO UIAutomationTests.Utils.Util - User has entered the name
2025-02-01 15:24:42,137 [4] INFO UIAutomationTests.Utils.Util - User has pressed the TAB key on Name field
2025-02-01 15:24:42,242 [4] INFO UIAutomationTests.Utils.Util - User has entered the email
2025-02-01 15:24:42,521 [4] INFO UIAutomationTests.Utils.Util - User has entered the website
2025-02-01 15:24:42,769 [4] INFO UIAutomationTests.Utils.Util - User has selected the experience
2025-02-01 15:24:42,841 [4] INFO UIAutomationTests.Utils.Util - User has selected the expertise
2025-02-01 15:24:42,859 [4] INFO UIAutomationTests.Utils.Util - User has selected the education
2025-02-01 15:24:43,007 [4] INFO UIAutomationTests.Utils.Util - User has entered the comment
2025-02-01 15:24:43,031 [4] INFO UIAutomationTests.Utils.Util - User has clicked on the submit button
2025-02-01 15:24:52,160 [4] INFO UIAutomationTests.Utils.Util - AfterScenario- chekcing error for screenshot process
2025-02-01 15:24:53,850 [4] INFO UIAutomationTests.Utils.Util - AfterScenario--driver has been closed/quited
2025-02-01 15:24:53,860 [4] INFO UIAutomationTests.Utils.Util - AfterTestRun-Living Doc report genration process has started
2025-02-01 15:24:53,866 [4] INFO UIAutomationTests.Utils.Util - AfterTestRun-Living Doc report genration process has been completed
2025-02-01 15:26:17,923 [4] INFO UIAutomationTests.Utils.Util - Before TestRun--TestData has intialized
2025-02-01 15:26:20,660 [4] INFO UIAutomationTests.Utils.Util - Before Scenario--Driver has registered
2025-02-01 15:26:24,177 [4] INFO UIAutomationTests.Utils.Util - sample page test page has opened
2025-02-01 15:26:24,311 [4] INFO UIAutomationTests.Utils.Util - User has entered the name
2025-02-01 15:26:24,375 [4] INFO UIAutomationTests.Utils.Util - User has pressed the TAB key on Name field
2025-02-01 15:26:24,504 [4] INFO UIAutomationTests.Utils.Util - User has entered the email
2025-02-01 15:26:24,803 [4] INFO UIAutomationTests.Utils.Util - User has entered the website
2025-02-01 15:26:25,066 [4] INFO UIAutomationTests.Utils.Util - User has selected the experience
2025-02-01 15:26:25,119 [4] INFO UIAutomationTests.Utils.Util - User has selected the expertise
2025-02-01 15:26:25,135 [4] INFO UIAutomationTests.Utils.Util - User has selected the education
2025-02-01 15:26:25,284 [4] INFO UIAutomationTests.Utils.Util - User has entered the comment
2025-02-01 15:26:25,303 [4] INFO UIAutomationTests.Utils.Util - User has clicked on the submit button
2025-02-01 15:29:02,455 [4] INFO UIAutomationTests.Utils.Util - Before TestRun--TestData has intialized
2025-02-01 15:29:04,102 [4] INFO UIAutomationTests.Utils.Util - Before Scenario--Driver has registered
2025-02-01 15:29:09,829 [4] INFO UIAutomationTests.Utils.Util - sample page test page has opened
2025-02-01 15:29:09,958 [4] INFO UIAutomationTests.Utils.Util - User has entered the name
2025-02-01 15:29:10,018 [4] INFO UIAutomationTests.Utils.Util - User has pressed the TAB key on Name field
2025-02-01 15:29:10,150 [4] INFO UIAutomationTests.Utils.Util - User has entered the email
2025-02-01 15:29:10,408 [4] INFO UIAutomationTests.Utils.Util - User has entered the website
2025-02-01 15:29:10,509 [4] INFO UIAutomationTests.Utils.Util - User has selected the experience
2025-02-01 15:29:10,557 [4] INFO UIAutomationTests.Utils.Util - User has selected the expertise
2025-02-01 15:29:10,570 [4] INFO UIAutomationTests.Utils.Util - User has selected the education
2025-02-01 15:29:10,732 [4] INFO UIAutomationTests.Utils.Util - User has entered the comment
2025-02-01 15:29:14,302 [4] INFO UIAutomationTests.Utils.Util - User has clicked on the submit button
2025-02-01 15:31:04,321 [4] INFO UIAutomationTests.Utils.Util - Before TestRun--TestData has intialized
2025-02-01 15:31:05,890 [4] INFO UIAutomationTests.Utils.Util - Before Scenario--Driver has registered
2025-02-01 15:31:13,937 [4] INFO UIAutomationTests.Utils.Util - sample page test page has opened
2025-02-01 15:31:14,095 [4] INFO UIAutomationTests.Utils.Util - User has entered the name
2025-02-01 15:31:14,167 [4] INFO UIAutomationTests.Utils.Util - User has pressed the TAB key on Name field
2025-02-01 15:31:14,297 [4] INFO UIAutomationTests.Utils.Util - User has entered the email
2025-02-01 15:31:14,497 [4] INFO UIAutomationTests.Utils.Util - User has entered the website
2025-02-01 15:31:14,584 [4] INFO UIAutomationTests.Utils.Util - User has selected the experience
2025-02-01 15:31:14,676 [4] INFO UIAutomationTests.Utils.Util - User has selected the expertise
2025-02-01 15:31:14,695 [4] INFO UIAutomationTests.Utils.Util - User has selected the education
2025-02-01 15:31:14,852 [4] INFO UIAutomationTests.Utils.Util - User has entered the comment
2025-02-01 15:31:18,531 [4] INFO UIAutomationTests.Utils.Util - User has clicked on the submit button
2025-02-01 15:33:42,680 [4] INFO UIAutomationTests.Utils.Util - Before TestRun--TestData has intialized
2025-02-01 15:33:44,321 [4] INFO UIAutomationTests.Utils.Util - Before Scenario--Driver has registered
2025-02-01 15:34:43,734 [4] INFO UIAutomationTests.Utils.Util - Before TestRun--TestData has intialized
2025-02-01 15:34:45,269 [4] INFO UIAutomationTests.Utils.Util - Before Scenario--Driver has registered
2025-02-01 15:34:49,104 [4] INFO UIAutomationTests.Utils.Util - sample page test page has opened
2025-02-01 15:34:49,215 [4] INFO UIAutomationTests.Utils.Util - User has entered the name
2025-02-01 15:34:49,272 [4] INFO UIAutomationTests.Utils.Util - User has pressed the TAB key on Name field
2025-02-01 15:34:49,388 [4] INFO UIAutomationTests.Utils.Util - User has entered the email
2025-02-01 15:34:49,651 [4] INFO UIAutomationTests.Utils.Util - User has entered the website
2025-02-01 15:34:49,721 [4] INFO UIAutomationTests.Utils.Util - User has selected the experience
2025-02-01 15:34:49,796 [4] INFO UIAutomationTests.Utils.Util - User has selected the expertise
2025-02-01 15:34:49,811 [4] INFO UIAutomationTests.Utils.Util - User has selected the education
2025-02-01 15:34:49,955 [4] INFO UIAutomationTests.Utils.Util - User has entered the comment
2025-02-01 15:34:58,278 [4] INFO UIAutomationTests.Utils.Util - User has clicked on the submit button
2025-02-01 15:36:55,396 [4] INFO UIAutomationTests.Utils.Util - Before TestRun--TestData has intialized
2025-02-01 15:36:56,788 [4] INFO UIAutomationTests.Utils.Util - Before Scenario--Driver has registered
2025-02-01 15:37:07,713 [4] INFO UIAutomationTests.Utils.Util - sample page test page has opened
2025-02-01 15:37:07,882 [4] INFO UIAutomationTests.Utils.Util - User has entered the name
2025-02-01 15:37:07,991 [4] INFO UIAutomationTests.Utils.Util - User has pressed the TAB key on Name field
2025-02-01 15:37:08,138 [4] INFO UIAutomationTests.Utils.Util - User has entered the email
2025-02-01 15:37:08,353 [4] INFO UIAutomationTests.Utils.Util - User has entered the website
2025-02-01 15:37:08,459 [4] INFO UIAutomationTests.Utils.Util - User has selected the experience
2025-02-01 15:37:08,549 [4] INFO UIAutomationTests.Utils.Util - User has selected the expertise
2025-02-01 15:37:08,572 [4] INFO UIAutomationTests.Utils.Util - User has selected the education
2025-02-01 15:37:08,792 [4] INFO UIAutomationTests.Utils.Util - User has entered the comment
2025-02-01 15:37:17,141 [4] INFO UIAutomationTests.Utils.Util - User has clicked on the submit button
2025-02-01 15:37:17,331 [4] INFO UIAutomationTests.Utils.Util - AfterScenario- chekcing error for screenshot process
2025-02-01 15:37:17,331 [4] INFO UIAutomationTests.Utils.Util - AfterScenario- Screenshot capture process has started
2025-02-01 15:37:17,484 [4] INFO UIAutomationTests.Utils.Util - AfterScenario- Screenshot capture process has been completed
2025-02-01 15:37:17,678 [4] INFO UIAutomationTests.Utils.Util - AfterScenario--driver has been closed/quited
2025-02-01 15:37:17,704 [4] INFO UIAutomationTests.Utils.Util - AfterTestRun-Living Doc report genration process has started
2025-02-01 15:37:17,712 [4] INFO UIAutomationTests.Utils.Util - AfterTestRun-Living Doc report genration process has been completed
2025-02-01 15:39:03,007 [4] INFO UIAutomationTests.Utils.Util - Before TestRun--TestData has intialized
2025-02-01 15:39:04,591 [4] INFO UIAutomationTests.Utils.Util - Before Scenario--Driver has registered
2025-02-01 15:39:13,350 [4] INFO UIAutomationTests.Utils.Util - sample page test page has opened
2025-02-01 15:39:13,600 [4] INFO UIAutomationTests.Utils.Util - User has entered the name
2025-02-01 15:39:13,674 [4] INFO UIAutomationTests.Utils.Util - User has pressed the TAB key on Name field
2025-02-01 15:39:13,871 [4] INFO UIAutomationTests.Utils.Util - User has entered the email
2025-02-01 15:39:14,133 [4] INFO UIAutomationTests.Utils.Util - User has entered the website
2025-02-01 15:39:14,244 [4] INFO UIAutomationTests.Utils.Util - User has selected the experience
2025-02-01 15:39:14,344 [4] INFO UIAutomationTests.Utils.Util - User has selected the expertise
2025-02-01 15:39:14,384 [4] INFO UIAutomationTests.Utils.Util - User has selected the education
2025-02-01 15:39:14,555 [4] INFO UIAutomationTests.Utils.Util - User has entered the comment
2025-02-01 15:39:24,707 [4] INFO UIAutomationTests.Utils.Util - User has clicked on the submit button
2025-02-01 15:41:21,318 [4] INFO UIAutomationTests.Utils.Util - Before TestRun--TestData has intialized
2025-02-01 15:41:22,781 [4] INFO UIAutomationTests.Utils.Util - Before Scenario--Driver has registered
2025-02-01 15:41:34,219 [4] INFO UIAutomationTests.Utils.Util - AfterScenario- chekcing error for screenshot process
2025-02-01 15:41:34,219 [4] INFO UIAutomationTests.Utils.Util - AfterScenario- Screenshot capture process has started
2025-02-01 15:41:34,336 [4] INFO UIAutomationTests.Utils.Util - AfterScenario- Screenshot capture process has been completed
2025-02-01 15:41:34,490 [4] INFO UIAutomationTests.Utils.Util - AfterScenario--driver has been closed/quited
2025-02-01 15:41:34,520 [4] INFO UIAutomationTests.Utils.Util - AfterTestRun-Living Doc report genration process has started
2025-02-01 15:41:34,535 [4] INFO UIAutomationTests.Utils.Util - AfterTestRun-Living Doc report genration process has been completed
2025-02-01 15:41:39,723 [4] INFO UIAutomationTests.Utils.Util - Before TestRun--TestData has intialized
2025-02-01 15:41:41,049 [4] INFO UIAutomationTests.Utils.Util - Before Scenario--Driver has registered
2025-02-01 15:42:51,969 [4] INFO UIAutomationTests.Utils.Util - AfterScenario- chekcing error for screenshot process
2025-02-01 15:42:51,969 [4] INFO UIAutomationTests.Utils.Util - AfterScenario- Screenshot capture process has started
2025-02-01 15:42:52,150 [4] INFO UIAutomationTests.Utils.Util - AfterScenario- Screenshot capture process has been completed
2025-02-01 15:42:52,278 [4] INFO UIAutomationTests.Utils.Util - AfterScenario--driver has been closed/quited
2025-02-01 15:42:52,287 [4] INFO UIAutomationTests.Utils.Util - AfterTestRun-Living Doc report genration process has started
2025-02-01 15:42:52,298 [4] INFO UIAutomationTests.Utils.Util - AfterTestRun-Living Doc report genration process has been completed
2025-02-01 15:44:36,874 [4] INFO UIAutomationTests.Utils.Util - Before TestRun--TestData has intialized
2025-02-01 15:44:39,405 [4] INFO UIAutomationTests.Utils.Util - Before Scenario--Driver has registered
2025-02-01 15:44:50,729 [4] INFO UIAutomationTests.Utils.Util - AfterScenario- chekcing error for screenshot process
2025-02-01 15:44:50,729 [4] INFO UIAutomationTests.Utils.Util - AfterScenario- Screenshot capture process has started
2025-02-01 15:44:50,847 [4] INFO UIAutomationTests.Utils.Util - AfterScenario- Screenshot capture process has been completed
2025-02-01 15:44:51,018 [4] INFO UIAutomationTests.Utils.Util - AfterScenario--driver has been closed/quited
2025-02-01 15:44:51,046 [4] INFO UIAutomationTests.Utils.Util - AfterTestRun-Living Doc report genration process has started
2025-02-01 15:44:51,059 [4] INFO UIAutomationTests.Utils.Util - AfterTestRun-Living Doc report genration process has been completed
2025-02-01 15:44:55,003 [4] INFO UIAutomationTests.Utils.Util - Before TestRun--TestData has intialized
2025-02-01 15:44:56,328 [4] INFO UIAutomationTests.Utils.Util - Before Scenario--Driver has registered
2025-02-01 15:46:23,821 [4] INFO UIAutomationTests.Utils.Util - AfterScenario- chekcing error for screenshot process
2025-02-01 15:46:23,821 [4] INFO UIAutomationTests.Utils.Util - AfterScenario- Screenshot capture process has started
2025-02-01 15:46:24,088 [4] INFO UIAutomationTests.Utils.Util - AfterScenario- Screenshot capture process has been completed
2025-02-01 15:46:24,280 [4] INFO UIAutomationTests.Utils.Util - AfterScenario--driver has been closed/quited
2025-02-01 15:46:24,320 [4] INFO UIAutomationTests.Utils.Util - AfterTestRun-Living Doc report genration process has started
2025-02-01 15:46:24,338 [4] INFO UIAutomationTests.Utils.Util - AfterTestRun-Living Doc report genration process has been completed
2025-02-01 15:46:44,564 [4] INFO UIAutomationTests.Utils.Util - Before TestRun--TestData has intialized
2025-02-01 15:46:45,976 [4] INFO UIAutomationTests.Utils.Util - Before Scenario--Driver has registered
2025-02-01 15:46:56,670 [4] INFO UIAutomationTests.Utils.Util - AfterScenario- chekcing error for screenshot process
2025-02-01 15:46:56,670 [4] INFO UIAutomationTests.Utils.Util - AfterScenario- Screenshot capture process has started
2025-02-01 15:46:56,773 [4] INFO UIAutomationTests.Utils.Util - AfterScenario- Screenshot capture process has been completed
2025-02-01 15:46:56,935 [4] INFO UIAutomationTests.Utils.Util - AfterScenario--driver has been closed/quited
2025-02-01 15:46:56,965 [4] INFO UIAutomationTests.Utils.Util - AfterTestRun-Living Doc report genration process has started
2025-02-01 15:46:56,978 [4] INFO UIAutomationTests.Utils.Util - AfterTestRun-Living Doc report genration process has been completed
2025-02-01 16:25:29,928 [4] INFO UIAutomationTests.Utils.Util - Before TestRun--TestData has intialized
2025-02-01 16:25:32,865 [4] INFO UIAutomationTests.Utils.Util - Before Scenario--Driver has registered
2025-02-01 16:26:25,524 [4] INFO UIAutomationTests.Utils.Util - Drag drop page page has opened
2025-02-01 16:28:22,070 [4] INFO UIAutomationTests.Utils.Util - Before TestRun--TestData has intialized
2025-02-01 16:28:23,623 [4] INFO UIAutomationTests.Utils.Util - Before Scenario--Driver has registered
2025-02-01 16:29:08,070 [4] INFO UIAutomationTests.Utils.Util - Drag drop page page has opened
2025-02-01 16:37:30,728 [4] INFO UIAutomationTests.Utils.Util - Before TestRun--TestData has intialized
2025-02-01 16:37:32,322 [4] INFO UIAutomationTests.Utils.Util - Before Scenario--Driver has registered
2025-02-01 16:38:16,744 [4] INFO UIAutomationTests.Utils.Util - Drag drop page page has opened
2025-02-01 16:42:01,526 [4] INFO UIAutomationTests.Utils.Util - Before TestRun--TestData has intialized
2025-02-01 16:42:03,195 [4] INFO UIAutomationTests.Utils.Util - Before Scenario--Driver has registered
2025-02-01 16:42:47,761 [4] INFO UIAutomationTests.Utils.Util - Drag drop page page has opened
2025-02-01 16:44:38,677 [4] INFO UIAutomationTests.Utils.Util - Before TestRun--TestData has intialized
2025-02-01 16:44:41,161 [4] INFO UIAutomationTests.Utils.Util - Before Scenario--Driver has registered
2025-02-01 16:45:33,360 [4] INFO UIAutomationTests.Utils.Util - Drag drop page page has opened
2025-02-01 16:57:16,127 [4] INFO UIAutomationTests.Utils.Util - Before TestRun--TestData has intialized
2025-02-01 16:57:19,383 [4] INFO UIAutomationTests.Utils.Util - Before Scenario--Driver has registered
2025-02-01 16:58:03,812 [4] INFO UIAutomationTests.Utils.Util - Drag drop page page has opened
2025-02-01 16:58:07,800 [4] INFO UIAutomationTests.Utils.Util - User dragged and dropped all the images to the trash
2025-02-01 16:58:07,859 [4] INFO UIAutomationTests.Utils.Util - AfterScenario- chekcing error for screenshot process
2025-02-01 16:58:07,859 [4] INFO UIAutomationTests.Utils.Util - AfterScenario- Screenshot capture process has started
2025-02-01 16:58:07,985 [4] INFO UIAutomationTests.Utils.Util - AfterScenario- Screenshot capture process has been completed
2025-02-01 16:58:08,167 [4] INFO UIAutomationTests.Utils.Util - AfterScenario--driver has been closed/quited
2025-02-01 16:58:08,192 [4] INFO UIAutomationTests.Utils.Util - AfterTestRun-Living Doc report genration process has started
2025-02-01 16:58:08,204 [4] INFO UIAutomationTests.Utils.Util - AfterTestRun-Living Doc report genration process has been completed
2025-02-01 17:05:40,447 [4] INFO UIAutomationTests.Utils.Util - Before TestRun--TestData has intialized
2025-02-01 17:05:43,765 [4] INFO UIAutomationTests.Utils.Util - Before Scenario--Driver has registered
2025-02-01 17:06:28,330 [4] INFO UIAutomationTests.Utils.Util - Drag drop page page has opened
2025-02-01 17:06:36,221 [4] INFO UIAutomationTests.Utils.Util - User dragged and dropped all the images to the trash
2025-02-01 17:07:36,326 [4] INFO UIAutomationTests.Utils.Util - AfterScenario- chekcing error for screenshot process
2025-02-01 17:07:36,326 [4] INFO UIAutomationTests.Utils.Util - AfterScenario- Screenshot capture process has started
2025-02-01 17:07:36,456 [4] INFO UIAutomationTests.Utils.Util - AfterScenario- Screenshot capture process has been completed
2025-02-01 17:07:36,680 [4] INFO UIAutomationTests.Utils.Util - AfterScenario--driver has been closed/quited
2025-02-01 17:07:36,705 [4] INFO UIAutomationTests.Utils.Util - AfterTestRun-Living Doc report genration process has started
2025-02-01 17:07:36,715 [4] INFO UIAutomationTests.Utils.Util - AfterTestRun-Living Doc report genration process has been completed
2025-02-01 17:08:48,532 [4] INFO UIAutomationTests.Utils.Util - Before TestRun--TestData has intialized
2025-02-01 17:08:50,230 [4] INFO UIAutomationTests.Utils.Util - Before Scenario--Driver has registered
2025-02-01 17:09:34,676 [4] INFO UIAutomationTests.Utils.Util - Drag drop page page has opened
2025-02-01 17:09:46,454 [4] INFO UIAutomationTests.Utils.Util - User dragged and dropped all the images to the trash
2025-02-01 17:11:55,371 [4] INFO UIAutomationTests.Utils.Util - Before TestRun--TestData has intialized
2025-02-01 17:11:56,554 [4] INFO UIAutomationTests.Utils.Util - Before Scenario--Driver has registered
2025-02-01 17:12:41,332 [4] INFO UIAutomationTests.Utils.Util - Drag drop page page has opened
2025-02-01 17:12:53,628 [4] INFO UIAutomationTests.Utils.Util - User dragged and dropped all the images to the trash
2025-02-01 17:15:45,906 [4] INFO UIAutomationTests.Utils.Util - Before TestRun--TestData has intialized
2025-02-01 17:15:48,888 [4] INFO UIAutomationTests.Utils.Util - Before Scenario--Driver has registered
2025-02-01 17:16:33,482 [4] INFO UIAutomationTests.Utils.Util - Drag drop page page has opened
2025-02-01 17:17:30,116 [4] INFO UIAutomationTests.Utils.Util - Before TestRun--TestData has intialized
2025-02-01 17:17:31,199 [4] INFO UIAutomationTests.Utils.Util - Before Scenario--Driver has registered
2025-02-01 17:18:15,777 [4] INFO UIAutomationTests.Utils.Util - Drag drop page page has opened
2025-02-01 17:24:50,774 [4] INFO UIAutomationTests.Utils.Util - Before TestRun--TestData has intialized
2025-02-01 17:24:52,405 [4] INFO UIAutomationTests.Utils.Util - Before Scenario--Driver has registered
2025-02-01 17:25:37,110 [4] INFO UIAutomationTests.Utils.Util - Drag drop page page has opened
2025-02-01 17:25:49,751 [4] INFO UIAutomationTests.Utils.Util - User dragged and dropped all the images to the trash
2025-02-01 17:29:30,177 [4] INFO UIAutomationTests.Utils.Util - Before TestRun--TestData has intialized
2025-02-01 17:29:31,817 [4] INFO UIAutomationTests.Utils.Util - Before Scenario--Driver has registered
2025-02-01 17:30:16,342 [4] INFO UIAutomationTests.Utils.Util - Drag drop page page has opened
2025-02-01 17:30:28,253 [4] INFO UIAutomationTests.Utils.Util - User dragged and dropped all the images to the trash
2025-02-01 17:32:08,687 [4] INFO UIAutomationTests.Utils.Util - Before TestRun--TestData has intialized
2025-02-01 17:32:10,299 [4] INFO UIAutomationTests.Utils.Util - Before Scenario--Driver has registered
2025-02-01 17:32:54,459 [4] INFO UIAutomationTests.Utils.Util - Drag drop page page has opened
2025-02-01 17:33:06,366 [4] INFO UIAutomationTests.Utils.Util - User dragged and dropped all the images to the trash
2025-02-01 17:35:14,246 [4] INFO UIAutomationTests.Utils.Util - Before TestRun--TestData has intialized
2025-02-01 17:35:15,886 [4] INFO UIAutomationTests.Utils.Util - Before Scenario--Driver has registered
2025-02-01 17:36:00,930 [4] INFO UIAutomationTests.Utils.Util - Drag drop page page has opened
2025-02-01 17:36:12,907 [4] INFO UIAutomationTests.Utils.Util - User dragged and dropped all the images to the trash
2025-02-01 17:37:43,873 [4] INFO UIAutomationTests.Utils.Util - User has seen all the images to the trash
2025-02-01 17:38:44,991 [4] INFO UIAutomationTests.Utils.Util - Before TestRun--TestData has intialized
2025-02-01 17:38:46,564 [4] INFO UIAutomationTests.Utils.Util - Before Scenario--Driver has registered
2025-02-01 17:39:30,888 [4] INFO UIAutomationTests.Utils.Util - Drag drop page page has opened
2025-02-01 17:39:42,712 [4] INFO UIAutomationTests.Utils.Util - User dragged and dropped all the images to the trash
2025-02-01 17:42:36,142 [4] INFO UIAutomationTests.Utils.Util - Before TestRun--TestData has intialized
2025-02-01 17:42:37,772 [4] INFO UIAutomationTests.Utils.Util - Before Scenario--Driver has registered
2025-02-01 17:43:22,222 [4] INFO UIAutomationTests.Utils.Util - Drag drop page page has opened
2025-02-01 17:43:34,064 [4] INFO UIAutomationTests.Utils.Util - User dragged and dropped all the images to the trash
2025-02-01 17:51:00,611 [4] INFO UIAutomationTests.Utils.Util - Before TestRun--TestData has intialized
2025-02-01 17:51:03,018 [4] INFO UIAutomationTests.Utils.Util - Before Scenario--Driver has registered
2025-02-01 17:51:47,765 [4] INFO UIAutomationTests.Utils.Util - Drag drop page page has opened
2025-02-01 17:51:59,797 [4] INFO UIAutomationTests.Utils.Util - User dragged and dropped all the images to the trash
2025-02-01 17:53:07,034 [4] INFO UIAutomationTests.Utils.Util - Before TestRun--TestData has intialized
2025-02-01 17:53:08,674 [4] INFO UIAutomationTests.Utils.Util - Before Scenario--Driver has registered
2025-02-01 17:53:53,162 [4] INFO UIAutomationTests.Utils.Util - Drag drop page page has opened
2025-02-01 18:01:47,082 [4] INFO UIAutomationTests.Utils.Util - Before TestRun--TestData has intialized
2025-02-01 18:01:48,564 [4] INFO UIAutomationTests.Utils.Util - Before Scenario--Driver has registered
2025-02-01 18:02:33,160 [4] INFO UIAutomationTests.Utils.Util - Drag drop page page has opened
2025-02-01 18:03:27,477 [4] INFO UIAutomationTests.Utils.Util - AfterScenario- chekcing error for screenshot process
2025-02-01 18:03:27,477 [4] INFO UIAutomationTests.Utils.Util - AfterScenario- Screenshot capture process has started
2025-02-01 18:03:31,562 [4] ERROR UIAutomationTests.Utils.Util -    at OpenQA.Selenium.Remote.HttpCommandExecutor.ExecuteAsync(Command commandToExecute)
   at OpenQA.Selenium.Remote.DriverServiceCommandExecutor.ExecuteAsync(Command commandToExecute)
   at OpenQA.Selenium.WebDriver.ExecuteAsync(String driverCommandToExecute, Dictionary`2 parameters)
   at OpenQA.Selenium.WebDriver.Execute(String driverCommandToExecute, Dictionary`2 parameters)
   at OpenQA.Selenium.WebDriver.GetScreenshot()
   at UIAutomationTests.Hooks.ScreenshotHooks.TakeScreenshot(IWebDriver driver) in C:\Users\vinod\Downloads\Projects\UIAutomationTests-main\UIAutomationTests-main\UIAutomationTests\Hooks\ScreenshotHooks.cs:line 64
2025-02-01 18:03:31,562 [4] INFO UIAutomationTests.Utils.Util - AfterScenario- Screenshot capture process has been completed
2025-02-01 18:03:35,636 [4] INFO UIAutomationTests.Utils.Util - AfterScenario--driver has been closed/quited
2025-02-01 18:03:35,655 [4] INFO UIAutomationTests.Utils.Util - AfterTestRun-Living Doc report genration process has started
2025-02-01 18:03:35,667 [4] INFO UIAutomationTests.Utils.Util - AfterTestRun-Living Doc report genration process has been completed
2025-02-01 18:04:43,766 [4] INFO UIAutomationTests.Utils.Util - Before TestRun--TestData has intialized
2025-02-01 18:04:45,389 [4] INFO UIAutomationTests.Utils.Util - Before Scenario--Driver has registered
2025-02-01 18:05:30,830 [4] INFO UIAutomationTests.Utils.Util - Drag drop page page has opened
2025-02-01 18:18:46,987 [4] INFO UIAutomationTests.Utils.Util - Before TestRun--TestData has intialized
2025-02-01 18:18:48,626 [4] INFO UIAutomationTests.Utils.Util - Before Scenario--Driver has registered
2025-02-01 18:19:33,308 [4] INFO UIAutomationTests.Utils.Util - Drag drop page page has opened
2025-02-01 18:20:46,629 [4] INFO UIAutomationTests.Utils.Util - User dragged and dropped all the images to the trash
2025-02-01 18:22:16,506 [4] INFO UIAutomationTests.Utils.Util - Before TestRun--TestData has intialized
2025-02-01 18:22:18,184 [4] INFO UIAutomationTests.Utils.Util - Before Scenario--Driver has registered
2025-02-01 18:23:02,725 [4] INFO UIAutomationTests.Utils.Util - Drag drop page page has opened
2025-02-01 18:23:16,989 [4] INFO UIAutomationTests.Utils.Util - User dragged and dropped all the images to the trash
2025-02-01 18:24:32,220 [4] INFO UIAutomationTests.Utils.Util - User has recycled all the images from the trash
2025-02-01 18:24:41,335 [4] INFO UIAutomationTests.Utils.Util - AfterScenario- chekcing error for screenshot process
2025-02-01 18:24:41,465 [4] INFO UIAutomationTests.Utils.Util - AfterScenario--driver has been closed/quited
2025-02-01 18:24:41,474 [4] INFO UIAutomationTests.Utils.Util - AfterTestRun-Living Doc report genration process has started
2025-02-01 18:24:41,481 [4] INFO UIAutomationTests.Utils.Util - AfterTestRun-Living Doc report genration process has been completed
2025-02-01 18:32:01,747 [4] INFO UIAutomationTests.Utils.Util - Before TestRun--TestData has intialized
2025-02-01 18:32:03,229 [4] INFO UIAutomationTests.Utils.Util - Before Scenario--Driver has registered
2025-02-01 18:32:47,509 [4] INFO UIAutomationTests.Utils.Util - Drag drop page page has opened
2025-02-01 18:32:59,396 [4] INFO UIAutomationTests.Utils.Util - User dragged and dropped all the images to the trash
2025-02-01 18:33:07,892 [4] INFO UIAutomationTests.Utils.Util - User has recycled all the images from the trash
2025-02-01 18:33:07,924 [4] INFO UIAutomationTests.Utils.Util - AfterScenario- chekcing error for screenshot process
2025-02-01 18:33:08,124 [4] INFO UIAutomationTests.Utils.Util - AfterScenario--driver has been closed/quited
2025-02-01 18:33:08,151 [4] INFO UIAutomationTests.Utils.Util - AfterTestRun-Living Doc report genration process has started
2025-02-01 18:33:08,166 [4] INFO UIAutomationTests.Utils.Util - AfterTestRun-Living Doc report genration process has been completed
2025-02-01 18:34:21,013 [4] INFO UIAutomationTests.Utils.Util - Before TestRun--TestData has intialized
2025-02-01 18:34:22,372 [4] INFO UIAutomationTests.Utils.Util - Before Scenario--Driver has registered
2025-02-01 18:35:06,721 [4] INFO UIAutomationTests.Utils.Util - Drag drop page page has opened
2025-02-01 18:35:14,677 [4] INFO UIAutomationTests.Utils.Util - User dragged and dropped all the images to the trash
2025-02-01 18:35:19,274 [4] INFO UIAutomationTests.Utils.Util - User has recycled all the images from the trash
2025-02-01 18:35:19,310 [4] INFO UIAutomationTests.Utils.Util - AfterScenario- chekcing error for screenshot process
2025-02-01 18:35:19,518 [4] INFO UIAutomationTests.Utils.Util - AfterScenario--driver has been closed/quited
2025-02-01 18:35:19,546 [4] INFO UIAutomationTests.Utils.Util - AfterTestRun-Living Doc report genration process has started
2025-02-01 18:35:19,562 [4] INFO UIAutomationTests.Utils.Util - AfterTestRun-Living Doc report genration process has been completed
2025-02-01 18:56:53,516 [4] INFO UIAutomationTests.Utils.Util - Before TestRun--TestData has intialized
2025-02-01 18:56:57,231 [4] INFO UIAutomationTests.Utils.Util - Before Scenario--Driver has registered
2025-02-01 18:57:44,202 [4] INFO UIAutomationTests.Utils.Util - DropDown page page has opened
2025-02-01 18:57:58,738 [4] INFO UIAutomationTests.Utils.Util - User has selected from country dropdown
2025-02-01 19:02:45,194 [4] INFO UIAutomationTests.Utils.Util - Before TestRun--TestData has intialized
2025-02-01 19:02:46,903 [4] INFO UIAutomationTests.Utils.Util - Before Scenario--Driver has registered
2025-02-01 19:03:17,326 [4] INFO UIAutomationTests.Utils.Util - DropDown page page has opened
2025-02-01 19:03:17,432 [4] INFO UIAutomationTests.Utils.Util - User has selected from country dropdown
2025-02-01 19:03:18,182 [4] INFO UIAutomationTests.Utils.Util - User has seen the selected value in country dropdown
2025-02-01 19:03:18,189 [4] INFO UIAutomationTests.Utils.Util - AfterScenario- chekcing error for screenshot process
2025-02-01 19:03:18,327 [4] INFO UIAutomationTests.Utils.Util - AfterScenario--driver has been closed/quited
2025-02-01 19:03:18,360 [4] INFO UIAutomationTests.Utils.Util - AfterTestRun-Living Doc report genration process has started
2025-02-01 19:03:18,376 [4] INFO UIAutomationTests.Utils.Util - AfterTestRun-Living Doc report genration process has been completed
2025-02-01 19:17:39,577 [4] INFO UIAutomationTests.Utils.Util - Before TestRun--TestData has intialized
2025-02-01 19:17:41,106 [4] INFO UIAutomationTests.Utils.Util - Before Scenario--Driver has registered
2025-02-01 19:18:25,394 [4] INFO UIAutomationTests.Utils.Util - DropDown page page has opened
2025-02-01 19:18:25,635 [4] INFO UIAutomationTests.Utils.Util - User has selected from country dropdown
2025-02-01 19:18:26,720 [4] INFO UIAutomationTests.Utils.Util - User has seen the selected value in country dropdown
2025-02-01 19:18:26,727 [4] INFO UIAutomationTests.Utils.Util - AfterScenario- chekcing error for screenshot process
2025-02-01 19:18:26,926 [4] INFO UIAutomationTests.Utils.Util - AfterScenario--driver has been closed/quited
2025-02-01 19:18:26,954 [4] INFO UIAutomationTests.Utils.Util - AfterTestRun-Living Doc report genration process has started
2025-02-01 19:18:26,967 [4] INFO UIAutomationTests.Utils.Util - AfterTestRun-Living Doc report genration process has been completed
2025-02-01 19:19:26,426 [4] INFO UIAutomationTests.Utils.Util - Before TestRun--TestData has intialized
2025-02-01 19:19:27,881 [4] INFO UIAutomationTests.Utils.Util - Before Scenario--Driver has registered
2025-02-01 19:20:12,627 [4] INFO UIAutomationTests.Utils.Util - Drag drop page page has opened
2025-02-01 19:20:21,338 [4] INFO UIAutomationTests.Utils.Util - User dragged and dropped all the images to the trash
2025-02-01 19:20:25,952 [4] INFO UIAutomationTests.Utils.Util - User has recycled all the images from the trash
2025-02-01 19:20:25,989 [4] INFO UIAutomationTests.Utils.Util - AfterScenario- chekcing error for screenshot process
2025-02-01 19:20:26,199 [4] INFO UIAutomationTests.Utils.Util - AfterScenario--driver has been closed/quited
2025-02-01 19:20:27,586 [4] INFO UIAutomationTests.Utils.Util - Before Scenario--Driver has registered
2025-02-01 19:21:12,078 [4] INFO UIAutomationTests.Utils.Util - DropDown page page has opened
2025-02-01 19:21:12,241 [4] INFO UIAutomationTests.Utils.Util - User has selected from country dropdown
2025-02-01 19:21:13,206 [4] INFO UIAutomationTests.Utils.Util - User has seen the selected value in country dropdown
2025-02-01 19:21:13,206 [4] INFO UIAutomationTests.Utils.Util - AfterScenario- chekcing error for screenshot process
2025-02-01 19:21:13,358 [4] INFO UIAutomationTests.Utils.Util - AfterScenario--driver has been closed/quited
2025-02-01 19:21:14,662 [4] INFO UIAutomationTests.Utils.Util - Before Scenario--Driver has registered
2025-02-01 19:22:04,015 [4] INFO UIAutomationTests.Utils.Util - sample page test page has opened
2025-02-01 19:22:04,293 [4] INFO UIAutomationTests.Utils.Util - User has entered the name
2025-02-01 19:22:04,388 [4] INFO UIAutomationTests.Utils.Util - User has pressed the TAB key on Name field
2025-02-01 19:22:04,571 [4] INFO UIAutomationTests.Utils.Util - User has entered the email
2025-02-01 19:22:04,940 [4] INFO UIAutomationTests.Utils.Util - User has entered the website
2025-02-01 19:22:05,101 [4] INFO UIAutomationTests.Utils.Util - User has selected the experience
2025-02-01 19:22:05,228 [4] INFO UIAutomationTests.Utils.Util - User has selected the expertise
2025-02-01 19:22:05,269 [4] INFO UIAutomationTests.Utils.Util - User has selected the education
2025-02-01 19:22:05,546 [4] INFO UIAutomationTests.Utils.Util - User has entered the comment
2025-02-01 19:22:35,586 [4] INFO UIAutomationTests.Utils.Util - User has clicked on the submit button
2025-02-01 19:22:35,766 [4] INFO UIAutomationTests.Utils.Util - Sample page test details has saved
2025-02-01 19:22:35,766 [4] INFO UIAutomationTests.Utils.Util - AfterScenario- chekcing error for screenshot process
2025-02-01 19:22:35,905 [4] INFO UIAutomationTests.Utils.Util - AfterScenario--driver has been closed/quited
2025-02-01 19:22:35,912 [4] INFO UIAutomationTests.Utils.Util - AfterTestRun-Living Doc report genration process has started
2025-02-01 19:22:35,922 [4] INFO UIAutomationTests.Utils.Util - AfterTestRun-Living Doc report genration process has been completed
2025-02-01 19:38:45,051 [4] INFO UIAutomationTests.Utils.Util - Before TestRun--TestData has intialized
2025-02-01 19:38:48,234 [4] INFO UIAutomationTests.Utils.Util - Before Scenario--Driver has registered
2025-02-01 19:39:32,503 [4] INFO UIAutomationTests.Utils.Util - Drag drop page page has opened
2025-02-01 19:39:40,689 [4] INFO UIAutomationTests.Utils.Util - User dragged and dropped all the images to the trash
2025-02-01 19:39:45,220 [4] INFO UIAutomationTests.Utils.Util - User has recycled all the images from the trash
2025-02-01 19:39:45,243 [4] INFO UIAutomationTests.Utils.Util - AfterScenario- chekcing error for screenshot process
2025-02-01 19:39:45,402 [4] INFO UIAutomationTests.Utils.Util - AfterScenario--driver has been closed/quited
2025-02-01 19:39:46,726 [4] INFO UIAutomationTests.Utils.Util - Before Scenario--Driver has registered
2025-02-01 19:40:34,094 [4] INFO UIAutomationTests.Utils.Util - DropDown page page has opened
2025-02-01 19:40:34,420 [4] INFO UIAutomationTests.Utils.Util - User has selected from country dropdown
2025-02-01 19:40:35,353 [4] INFO UIAutomationTests.Utils.Util - User has seen the selected value in country dropdown
2025-02-01 19:40:35,353 [4] INFO UIAutomationTests.Utils.Util - AfterScenario- chekcing error for screenshot process
2025-02-01 19:40:35,520 [4] INFO UIAutomationTests.Utils.Util - AfterScenario--driver has been closed/quited
2025-02-01 19:40:36,828 [4] INFO UIAutomationTests.Utils.Util - Before Scenario--Driver has registered
2025-02-01 19:41:23,478 [4] INFO UIAutomationTests.Utils.Util - sample page test page has opened
2025-02-01 19:41:23,641 [4] INFO UIAutomationTests.Utils.Util - User has entered the name
2025-02-01 19:41:23,805 [4] INFO UIAutomationTests.Utils.Util - User has pressed the TAB key on Name field
2025-02-01 19:41:24,538 [4] INFO UIAutomationTests.Utils.Util - AfterScenario- chekcing error for screenshot process
2025-02-01 19:41:24,538 [4] INFO UIAutomationTests.Utils.Util - AfterScenario- Screenshot capture process has started
2025-02-01 19:41:24,761 [4] INFO UIAutomationTests.Utils.Util - AfterScenario- Screenshot capture process has been completed
2025-02-01 19:41:24,880 [4] INFO UIAutomationTests.Utils.Util - AfterScenario--driver has been closed/quited
2025-02-01 19:41:24,888 [4] INFO UIAutomationTests.Utils.Util - AfterTestRun-Living Doc report genration process has started
2025-02-01 19:41:24,898 [4] INFO UIAutomationTests.Utils.Util - AfterTestRun-Living Doc report genration process has been completed
2025-02-01 19:42:55,567 [4] INFO UIAutomationTests.Utils.Util - Before TestRun--TestData has intialized
2025-02-01 19:42:57,270 [4] INFO UIAutomationTests.Utils.Util - Before Scenario--Driver has registered
2025-02-01 19:43:40,778 [4] INFO UIAutomationTests.Utils.Util - Before TestRun--TestData has intialized
2025-02-01 19:43:42,393 [4] INFO UIAutomationTests.Utils.Util - Before Scenario--Driver has registered
2025-02-01 19:44:27,048 [4] INFO UIAutomationTests.Utils.Util - sample page test page has opened
2025-02-01 19:44:27,208 [4] INFO UIAutomationTests.Utils.Util - User has entered the name
2025-02-01 19:44:27,285 [4] INFO UIAutomationTests.Utils.Util - User has pressed the TAB key on Name field
2025-02-01 19:45:57,159 [4] INFO UIAutomationTests.Utils.Util - Before TestRun--TestData has intialized
2025-02-01 19:45:58,846 [4] INFO UIAutomationTests.Utils.Util - Before Scenario--Driver has registered
2025-02-01 19:46:43,595 [4] INFO UIAutomationTests.Utils.Util - sample page test page has opened
2025-02-01 19:46:43,762 [4] INFO UIAutomationTests.Utils.Util - User has entered the name
2025-02-01 19:46:43,830 [4] INFO UIAutomationTests.Utils.Util - User has pressed the TAB key on Name field
2025-02-01 19:46:43,951 [4] INFO UIAutomationTests.Utils.Util - User has entered the email
2025-02-01 19:46:44,175 [4] INFO UIAutomationTests.Utils.Util - User has entered the website
2025-02-01 19:46:44,301 [4] INFO UIAutomationTests.Utils.Util - User has selected the experience
2025-02-01 19:46:44,408 [4] INFO UIAutomationTests.Utils.Util - User has selected the expertise
2025-02-01 19:46:44,430 [4] INFO UIAutomationTests.Utils.Util - User has selected the education
2025-02-01 19:46:44,602 [4] INFO UIAutomationTests.Utils.Util - User has entered the comment
2025-02-01 19:47:24,497 [4] INFO UIAutomationTests.Utils.Util - Before TestRun--TestData has intialized
2025-02-01 19:47:25,960 [4] INFO UIAutomationTests.Utils.Util - Before Scenario--Driver has registered
2025-02-01 19:48:10,794 [4] INFO UIAutomationTests.Utils.Util - Drag drop page page has opened
2025-02-01 19:48:18,785 [4] INFO UIAutomationTests.Utils.Util - User dragged and dropped all the images to the trash
2025-02-01 19:48:23,554 [4] INFO UIAutomationTests.Utils.Util - User has recycled all the images from the trash
2025-02-01 19:48:23,577 [4] INFO UIAutomationTests.Utils.Util - AfterScenario- chekcing error for screenshot process
2025-02-01 19:48:23,724 [4] INFO UIAutomationTests.Utils.Util - AfterScenario--driver has been closed/quited
2025-02-01 19:48:25,090 [4] INFO UIAutomationTests.Utils.Util - Before Scenario--Driver has registered
2025-02-01 19:49:16,676 [4] INFO UIAutomationTests.Utils.Util - DropDown page page has opened
2025-02-01 19:49:16,807 [4] INFO UIAutomationTests.Utils.Util - User has selected from country dropdown
2025-02-01 19:49:17,892 [4] INFO UIAutomationTests.Utils.Util - User has seen the selected value in country dropdown
2025-02-01 19:49:17,893 [4] INFO UIAutomationTests.Utils.Util - AfterScenario- chekcing error for screenshot process
2025-02-01 19:49:18,114 [4] INFO UIAutomationTests.Utils.Util - AfterScenario--driver has been closed/quited
2025-02-01 19:49:19,421 [4] INFO UIAutomationTests.Utils.Util - Before Scenario--Driver has registered
2025-02-01 19:50:05,777 [4] INFO UIAutomationTests.Utils.Util - sample page test page has opened
2025-02-01 19:50:05,987 [4] INFO UIAutomationTests.Utils.Util - User has entered the name
2025-02-01 19:50:06,086 [4] INFO UIAutomationTests.Utils.Util - User has pressed the TAB key on Name field
2025-02-01 19:50:06,282 [4] INFO UIAutomationTests.Utils.Util - User has entered the email
2025-02-01 19:50:06,569 [4] INFO UIAutomationTests.Utils.Util - User has entered the website
2025-02-01 19:50:06,725 [4] INFO UIAutomationTests.Utils.Util - User has selected the experience
2025-02-01 19:50:06,833 [4] INFO UIAutomationTests.Utils.Util - User has selected the expertise
2025-02-01 19:50:06,859 [4] INFO UIAutomationTests.Utils.Util - User has selected the education
2025-02-01 19:50:07,115 [4] INFO UIAutomationTests.Utils.Util - User has entered the comment
2025-02-01 19:50:31,948 [4] INFO UIAutomationTests.Utils.Util - User has clicked on the submit button
2025-02-01 19:50:37,319 [4] INFO UIAutomationTests.Utils.Util - AfterScenario- chekcing error for screenshot process
2025-02-01 19:50:37,319 [4] INFO UIAutomationTests.Utils.Util - AfterScenario- Screenshot capture process has started
2025-02-01 19:50:37,436 [4] INFO UIAutomationTests.Utils.Util - AfterScenario- Screenshot capture process has been completed
2025-02-01 19:50:37,640 [4] INFO UIAutomationTests.Utils.Util - AfterScenario--driver has been closed/quited
2025-02-01 19:50:37,658 [4] INFO UIAutomationTests.Utils.Util - AfterTestRun-Living Doc report genration process has started
2025-02-01 19:50:37,669 [4] INFO UIAutomationTests.Utils.Util - AfterTestRun-Living Doc report genration process has been completed
2025-02-01 19:52:44,581 [4] INFO UIAutomationTests.Utils.Util - Before TestRun--TestData has intialized
2025-02-01 19:52:46,085 [4] INFO UIAutomationTests.Utils.Util - Before Scenario--Driver has registered
2025-02-01 19:53:35,760 [4] INFO UIAutomationTests.Utils.Util - sample page test page has opened
2025-02-01 19:53:36,261 [4] INFO UIAutomationTests.Utils.Util - User has entered the name
2025-02-01 19:53:36,596 [4] INFO UIAutomationTests.Utils.Util - User has pressed the TAB key on Name field
2025-02-01 19:53:37,276 [4] INFO UIAutomationTests.Utils.Util - User has entered the email
2025-02-01 19:53:38,570 [4] INFO UIAutomationTests.Utils.Util - User has entered the website
2025-02-01 19:53:38,843 [4] INFO UIAutomationTests.Utils.Util - User has selected the experience
2025-02-01 19:53:39,041 [4] INFO UIAutomationTests.Utils.Util - User has selected the expertise
2025-02-01 19:53:39,095 [4] INFO UIAutomationTests.Utils.Util - User has selected the education
2025-02-01 19:53:39,684 [4] INFO UIAutomationTests.Utils.Util - User has entered the comment
2025-02-01 19:53:51,614 [4] INFO UIAutomationTests.Utils.Util - User has clicked on the submit button
2025-02-01 19:53:52,260 [4] INFO UIAutomationTests.Utils.Util - Sample page test details has saved
2025-02-01 19:53:52,281 [4] INFO UIAutomationTests.Utils.Util - AfterScenario- chekcing error for screenshot process
2025-02-01 19:53:52,674 [4] INFO UIAutomationTests.Utils.Util - AfterScenario--driver has been closed/quited
2025-02-01 19:53:52,712 [4] INFO UIAutomationTests.Utils.Util - AfterTestRun-Living Doc report genration process has started
2025-02-01 19:53:52,731 [4] INFO UIAutomationTests.Utils.Util - AfterTestRun-Living Doc report genration process has been completed
